delivery_app/build/app/intermediates/manifest_merge_blame_file/debug/processDebugMainManifest/manifest-merger-blame-debug-report.txt
1<?xml version="1.0" encoding="utf-8"?>
2<manifest xmlns:android="http://schemas.android.com/apk/res/android"
3    package="com.example.delivery_app"
4    android:versionCode="1"
5    android:versionName="1.0.0" >
6
7    <uses-sdk
8        android:minSdkVersion="21"
9        android:targetSdkVersion="35" />
10    <!--
11         The INTERNET permission is required for development. Specifically,
12         the Flutter tool needs it to communicate with the running application
13         to allow setting breakpoints, to provide hot reload, etc.
14    -->
15    <uses-permission android:name="android.permission.INTERNET" />
15-->src\main\AndroidManifest.xml:5:5-66
15-->src\main\AndroidManifest.xml:5:22-64
16    <uses-permission android:name="android.permission.ACCESS_FINE_LOCATION" />
16-->src\main\AndroidManifest.xml:6:5-78
16-->src\main\AndroidManifest.xml:6:22-76
17    <uses-permission android:name="android.permission.ACCESS_COARSE_LOCATION" />
17-->src\main\AndroidManifest.xml:7:5-80
17-->src\main\AndroidManifest.xml:7:22-78
18    <uses-permission android:name="android.permission.CAMERA" /> <!-- Para compartilhamento de texto (caso use futuramente) -->
18-->src\main\AndroidManifest.xml:8:5-64
18-->src\main\AndroidManifest.xml:8:22-62
19    <queries>
19-->src\main\AndroidManifest.xml:47:5-52:15
20        <intent>
20-->src\main\AndroidManifest.xml:48:9-51:18
21            <action android:name="android.intent.action.PROCESS_TEXT" />
21-->src\main\AndroidManifest.xml:49:13-72
21-->src\main\AndroidManifest.xml:49:21-70
22
23            <data android:mimeType="text/plain" />
23-->src\main\AndroidManifest.xml:50:13-50
23-->src\main\AndroidManifest.xml:50:19-48
24        </intent>
25        <!-- Needs to be explicitly declared on Android R+ -->
26        <package android:name="com.google.android.apps.maps" />
26-->[com.google.android.gms:play-services-maps:18.2.0] AndroidManifest.xml:33:9-64
26-->[com.google.android.gms:play-services-maps:18.2.0] AndroidManifest.xml:33:18-61
27    </queries>
28
29    <uses-permission android:name="android.permission.RECORD_AUDIO" /> <!-- Include required permissions for Google Maps API to run. -->
29-->[:camera_android] AndroidManifest.xml:8:5-71
29-->[:camera_android] AndroidManifest.xml:8:22-68
30    <uses-permission android:name="android.permission.ACCESS_NETWORK_STATE" />
30-->[com.google.android.gms:play-services-maps:18.2.0] AndroidManifest.xml:23:5-79
30-->[com.google.android.gms:play-services-maps:18.2.0] AndroidManifest.xml:23:22-76
31
32    <uses-feature
32-->[com.google.android.gms:play-services-maps:18.2.0] AndroidManifest.xml:26:5-28:35
33        android:glEsVersion="0x00020000"
33-->[com.google.android.gms:play-services-maps:18.2.0] AndroidManifest.xml:27:9-41
34        android:required="true" />
34-->[com.google.android.gms:play-services-maps:18.2.0] AndroidManifest.xml:28:9-32
35
36    <permission
36-->[androidx.core:core:1.13.1] AndroidManifest.xml:22:5-24:47
37        android:name="com.example.delivery_app.DYNAMIC_RECEIVER_NOT_EXPORTED_PERMISSION"
37-->[androidx.core:core:1.13.1] AndroidManifest.xml:23:9-81
38        android:protectionLevel="signature" />
38-->[androidx.core:core:1.13.1] AndroidManifest.xml:24:9-44
39
40    <uses-permission android:name="com.example.delivery_app.DYNAMIC_RECEIVER_NOT_EXPORTED_PERMISSION" />
40-->[androidx.core:core:1.13.1] AndroidManifest.xml:26:5-97
40-->[androidx.core:core:1.13.1] AndroidManifest.xml:26:22-94
41
42    <application
43        android:name="android.app.Application"
44        android:appComponentFactory="androidx.core.app.CoreComponentFactory"
44-->[androidx.core:core:1.13.1] AndroidManifest.xml:28:18-86
45        android:debuggable="true"
46        android:extractNativeLibs="true"
47        android:icon="@mipmap/ic_launcher"
48        android:label="delivery_app" >
49
50        <!-- API do Google Maps -->
51        <meta-data
52            android:name="com.google.android.geo.API_KEY"
53            android:value="AIzaSyCSmQZ_Mg-ZiCSZXBVpiE8XvBauLHaggj0" />
54
55        <activity
56            android:name="com.example.delivery_app.MainActivity"
57            android:configChanges="orientation|keyboardHidden|keyboard|screenSize|smallestScreenSize|locale|layoutDirection|fontScale|screenLayout|density|uiMode"
58            android:exported="true"
59            android:hardwareAccelerated="true"
60            android:launchMode="singleTop"
61            android:theme="@style/LaunchTheme"
62            android:windowSoftInputMode="adjustResize" >
63
64            <!-- Tema inicial -->
65            <meta-data
66                android:name="io.flutter.embedding.android.NormalTheme"
67                android:resource="@style/NormalTheme" />
68
69            <intent-filter>
70                <action android:name="android.intent.action.MAIN" />
71
72                <category android:name="android.intent.category.LAUNCHER" />
73            </intent-filter>
74        </activity>
75
76        <!-- Flutter engine -->
77        <meta-data
78            android:name="flutterEmbedding"
79            android:value="2" />
80
81        <service
81-->[:geolocator_android] AndroidManifest.xml:8:9-12:56
82            android:name="com.baseflow.geolocator.GeolocatorLocationService"
82-->[:geolocator_android] AndroidManifest.xml:9:13-77
83            android:enabled="true"
83-->[:geolocator_android] AndroidManifest.xml:10:13-35
84            android:exported="false"
84-->[:geolocator_android] AndroidManifest.xml:11:13-37
85            android:foregroundServiceType="location" />
85-->[:geolocator_android] AndroidManifest.xml:12:13-53
86
87        <activity
87-->[:url_launcher_android] AndroidManifest.xml:8:9-11:74
88            android:name="io.flutter.plugins.urllauncher.WebViewActivity"
88-->[:url_launcher_android] AndroidManifest.xml:9:13-74
89            android:exported="false"
89-->[:url_launcher_android] AndroidManifest.xml:10:13-37
90            android:theme="@android:style/Theme.NoTitleBar.Fullscreen" />
90-->[:url_launcher_android] AndroidManifest.xml:11:13-71
91
92        <uses-library
92-->[androidx.window:window:1.2.0] AndroidManifest.xml:23:9-25:40
93            android:name="androidx.window.extensions"
93-->[androidx.window:window:1.2.0] AndroidManifest.xml:24:13-54
94            android:required="false" />
94-->[androidx.window:window:1.2.0] AndroidManifest.xml:25:13-37
95        <uses-library
95-->[androidx.window:window:1.2.0] AndroidManifest.xml:26:9-28:40
96            android:name="androidx.window.sidecar"
96-->[androidx.window:window:1.2.0] AndroidManifest.xml:27:13-51
97            android:required="false" /> <!-- Needs to be explicitly declared on P+ -->
97-->[androidx.window:window:1.2.0] AndroidManifest.xml:28:13-37
98        <uses-library
98-->[com.google.android.gms:play-services-maps:18.2.0] AndroidManifest.xml:39:9-41:40
99            android:name="org.apache.http.legacy"
99-->[com.google.android.gms:play-services-maps:18.2.0] AndroidManifest.xml:40:13-50
100            android:required="false" />
100-->[com.google.android.gms:play-services-maps:18.2.0] AndroidManifest.xml:41:13-37
101
102        <activity
102-->[com.google.android.gms:play-services-base:18.3.0] AndroidManifest.xml:20:9-22:45
103            android:name="com.google.android.gms.common.api.GoogleApiActivity"
103-->[com.google.android.gms:play-services-base:18.3.0] AndroidManifest.xml:20:19-85
104            android:exported="false"
104-->[com.google.android.gms:play-services-base:18.3.0] AndroidManifest.xml:22:19-43
105            android:theme="@android:style/Theme.Translucent.NoTitleBar" />
105-->[com.google.android.gms:play-services-base:18.3.0] AndroidManifest.xml:21:19-78
106
107        <meta-data
107-->[com.google.android.gms:play-services-basement:18.3.0] AndroidManifest.xml:21:9-23:69
108            android:name="com.google.android.gms.version"
108-->[com.google.android.gms:play-services-basement:18.3.0] AndroidManifest.xml:22:13-58
109            android:value="@integer/google_play_services_version" />
109-->[com.google.android.gms:play-services-basement:18.3.0] AndroidManifest.xml:23:13-66
110
111        <provider
111-->[androidx.lifecycle:lifecycle-process:2.7.0] AndroidManifest.xml:24:9-32:20
112            android:name="androidx.startup.InitializationProvider"
112-->[androidx.lifecycle:lifecycle-process:2.7.0] AndroidManifest.xml:25:13-67
113            android:authorities="com.example.delivery_app.androidx-startup"
113-->[androidx.lifecycle:lifecycle-process:2.7.0] AndroidManifest.xml:26:13-68
114            android:exported="false" >
114-->[androidx.lifecycle:lifecycle-process:2.7.0] AndroidManifest.xml:27:13-37
115            <meta-data
115-->[androidx.lifecycle:lifecycle-process:2.7.0] AndroidManifest.xml:29:13-31:52
116                android:name="androidx.lifecycle.ProcessLifecycleInitializer"
116-->[androidx.lifecycle:lifecycle-process:2.7.0] AndroidManifest.xml:30:17-78
117                android:value="androidx.startup" />
117-->[androidx.lifecycle:lifecycle-process:2.7.0] AndroidManifest.xml:31:17-49
118            <meta-data
118-->[androidx.profileinstaller:profileinstaller:1.3.1] AndroidManifest.xml:29:13-31:52
119                android:name="androidx.profileinstaller.ProfileInstallerInitializer"
119-->[androidx.profileinstaller:profileinstaller:1.3.1] AndroidManifest.xml:30:17-85
120                android:value="androidx.startup" />
120-->[androidx.profileinstaller:profileinstaller:1.3.1] AndroidManifest.xml:31:17-49
121        </provider>
122
123        <receiver
123-->[androidx.profileinstaller:profileinstaller:1.3.1] AndroidManifest.xml:34:9-52:20
124            android:name="androidx.profileinstaller.ProfileInstallReceiver"
124-->[androidx.profileinstaller:profileinstaller:1.3.1] AndroidManifest.xml:35:13-76
125            android:directBootAware="false"
125-->[androidx.profileinstaller:profileinstaller:1.3.1] AndroidManifest.xml:36:13-44
126            android:enabled="true"
126-->[androidx.profileinstaller:profileinstaller:1.3.1] AndroidManifest.xml:37:13-35
127            android:exported="true"
127-->[androidx.profileinstaller:profileinstaller:1.3.1] AndroidManifest.xml:38:13-36
128            android:permission="android.permission.DUMP" >
128-->[androidx.profileinstaller:profileinstaller:1.3.1] AndroidManifest.xml:39:13-57
129            <intent-filter>
129-->[androidx.profileinstaller:profileinstaller:1.3.1] AndroidManifest.xml:40:13-42:29
130                <action android:name="androidx.profileinstaller.action.INSTALL_PROFILE" />
130-->[androidx.profileinstaller:profileinstaller:1.3.1] AndroidManifest.xml:41:17-91
130-->[androidx.profileinstaller:profileinstaller:1.3.1] AndroidManifest.xml:41:25-88
131            </intent-filter>
132            <intent-filter>
132-->[androidx.profileinstaller:profileinstaller:1.3.1] AndroidManifest.xml:43:13-45:29
133                <action android:name="androidx.profileinstaller.action.SKIP_FILE" />
133-->[androidx.profileinstaller:profileinstaller:1.3.1] AndroidManifest.xml:44:17-85
133-->[androidx.profileinstaller:profileinstaller:1.3.1] AndroidManifest.xml:44:25-82
134            </intent-filter>
135            <intent-filter>
135-->[androidx.profileinstaller:profileinstaller:1.3.1] AndroidManifest.xml:46:13-48:29
136                <action android:name="androidx.profileinstaller.action.SAVE_PROFILE" />
136-->[androidx.profileinstaller:profileinstaller:1.3.1] AndroidManifest.xml:47:17-88
136-->[androidx.profileinstaller:profileinstaller:1.3.1] AndroidManifest.xml:47:25-85
137            </intent-filter>
138            <intent-filter>
138-->[androidx.profileinstaller:profileinstaller:1.3.1] AndroidManifest.xml:49:13-51:29
139                <action android:name="androidx.profileinstaller.action.BENCHMARK_OPERATION" />
139-->[androidx.profileinstaller:profileinstaller:1.3.1] AndroidManifest.xml:50:17-95
139-->[androidx.profileinstaller:profileinstaller:1.3.1] AndroidManifest.xml:50:25-92
140            </intent-filter>
141        </receiver>
142    </application>
143
144</manifest>